/Users/vivaswat/Documents/AdmixTools/bin/qpDstat: parameter file: auxfiles/pardstatfile
### THE INPUT PARAMETERS
##PARAMETER NAME: VALUE
genotypename: infiles/c1global1nfd.packedancestrymapgeno
snpname: infiles/c1global1nfd.snp
indivname: infiles/c1global1nfd.ind
popfilename: auxfiles/f4popfilewOnge
f4mode: YES
## qpDstat version: 980
inbreed set NO
packed geno read OK
end of inpack
number of quadruples 60
  0                  753    3
  1                  463   11
  2                  217   24
  3                  219   24
  4                  218   18
  5                  130   14
  6                  402    7
  7                  152    1
  8                  418    4
  9                  200    4
 10                  766    1
 11                  165    1
 12                  454    7
 13                  460   12
 14                  213   14
 15                  182   10
 16                  493    1
 17                  758    2
 18                  781    3
 19                  191   10
 20                  538    2
 21                    1    7
 22                  328    2
 23                  330    1
 24                 1014   15
 25                  319    8
 26                  361    1
 27                  363    7
 28                  351    4
 29                  467   41
 30                  495   50
 31                 1008   30
 32                  222   46
 33                  283   29
 34                  764    6
 35                  229   17
 36                  103   15
 37                   82    2
 38                  156    3
 39                  220    2
 40                  221    9
 41                  343   13
 42                  780    2
 43                  292    6
 44                  295   37
 45                  181    7
 46                  154   10
 47                   76   30
 48                 1010   50
 49                  535   17
 50                  161   17
 51                  113   50
 52                   81    1
 53                   15   20
 54                  141    5
 55                  148    2
 56                   95    6
 57                  575   35
 58                  133   23
 59                  776    4
 60                  215   32
 61                  453    1
 62                  294    9
 63                  158   12
 64                  136   10
 65                 1002    6
 66                  549    5
 67                  545    5
 68                  540    6
 69                  124   34
jackknife block size:     0.050
snps: 19954  indivs: 923
number of blocks for block jackknife: 530
nrows, ncols: 923 19954
result:        753        463        217        328     -0.000234     -0.389    1361   1365  19953 
result:        753        463        217        330      0.000221      0.270    1363   1358  19850 
result:        753        463        217       1014      0.000272      0.745    1371   1366  19953 
result:        753        463        219        319      0.000643      1.519    1387   1375  19953 
result:        753        463        219        218     -0.000164     -0.661    1405   1408  19953 
result:        753        463        219        361     -0.000088     -0.115    1365   1366  19856 
result:        753        463        218        363      0.001220      2.504    1397   1372  19953 
result:        753        463        218       1014      0.000588      1.638    1370   1358  19953 
result:        753        463        218        351      0.001196      2.397    1375   1352  19953 
result:        753        463        130        467      0.000932      1.929    1498   1480  19953 
result:        753        463        130        495      0.000447      0.888    1492   1483  19953 
result:        753        463        130       1008     -0.000110     -0.310    1409   1411  19953 
result:        753        463        402        222     -0.000098     -0.190    1455   1457  19953 
result:        753        463        402        283      0.000079      0.174    1422   1420  19953 
result:        753        463        402        764     -0.001364     -1.875    1466   1493  19953 
result:        753        463        152        229     -0.000755     -0.864    1429   1444  19944 
result:        753        463        152        103     -0.000274     -0.298    1462   1467  19944 
result:        753        463        152         82      0.000290      0.281    1467   1461  19944 
result:        753        463        418        156     -0.001161     -1.779    1418   1441  19953 
result:        753        463        418        220     -0.002190     -2.847    1421   1465  19952 
result:        753        463        418        221     -0.000846     -1.515    1432   1449  19953 
result:        753        463        200        343     -0.001336     -2.074    1525   1552  19953 
result:        753        463        200        156     -0.002072     -3.015    1471   1512  19953 
result:        753        463        200        222     -0.001869     -3.428    1465   1503  19953 
result:        753        463        766        780     -0.002258     -2.245    1393   1438  19949 
result:        753        463        766        292      0.005832      6.438    1485   1369  19949 
result:        753        463        766        295      0.004980      5.808    1493   1393  19949 
result:        753        463        165        181     -0.000354     -0.408    1458   1465  19899 
result:        753        463        165        154     -0.001558     -1.858    1444   1475  19899 
result:        753        463        165         76     -0.001365     -1.568    1454   1481  19899 
result:        753        463        454       1010     -0.001265     -2.949    1460   1485  19953 
result:        753        463        454        213     -0.001433     -2.728    1462   1490  19953 
result:        753        463        454        222     -0.002006     -4.135    1465   1505  19953 
result:        753        463        460        535     -0.000830     -1.521    1498   1515  19953 
result:        753        463        460        161     -0.001639     -3.317    1473   1506  19953 
result:        753        463        460        113     -0.001092     -2.223    1489   1511  19953 
result:        753        463        213         82      0.000322      0.422    1511   1505  19953 
result:        753        463        213         81      0.000963      1.049    1513   1494  19952 
result:        753        463        213         15     -0.000167     -0.299    1515   1518  19953 
result:        753        463        182        141     -0.001082     -1.697    1494   1516  19953 
result:        753        463        182        454      0.000113      0.240    1467   1465  19953 
result:        753        463        182        148     -0.001423     -2.033    1467   1496  19952 
result:        753        463        493         95      0.000106      0.112    1388   1386  19774 
result:        753        463        493        575      0.000210      0.231    1393   1389  19774 
result:        753        463        493        133      0.000497      0.543    1429   1419  19774 
result:        753        463        758        776      0.005950      7.264    1481   1363  19953 
result:        753        463        758        215      0.007797     10.674    1516   1360  19953 
result:        753        463        758        453     -0.010069     -9.287    1273   1473  19880 
result:        753        463        781        766      0.003659      3.879    1452   1379  19949 
result:        753        463        781        215      0.006418     11.379    1491   1363  19953 
result:        753        463        781        294      0.009115     13.807    1537   1355  19953 
result:        753        463        191        158     -0.001375     -2.595    1477   1505  19953 
result:        753        463        191        136     -0.000736     -1.511    1466   1481  19953 
result:        753        463        191       1002     -0.001830     -2.982    1481   1518  19953 
result:        753        463        538        549     -0.000100     -0.158    1373   1375  19953 
result:        753        463        538        545     -0.000161     -0.249    1375   1378  19953 
result:        753        463        538        540      0.000051      0.077    1376   1375  19953 
result:        753        463          1        181      0.000934      1.652    1527   1509  19953 
result:        753        463          1        467      0.000121      0.262    1469   1467  19953 
result:        753        463          1        124     -0.000423     -0.888    1464   1473  19953 
##end of qpDstat:        6.440 seconds cpu        0.000 Mbytes in use
