/Users/vivaswat/Documents/AdmixTools/bin/qpDstat: parameter file: auxfiles/pardstatfile
### THE INPUT PARAMETERS
##PARAMETER NAME: VALUE
genotypename: infiles/c1global1nfd.packedancestrymapgeno
snpname: infiles/c1global1nfd.snp
indivname: infiles/c1global1nfd.ind
popfilename: auxfiles/f4popfilewJapan
f4mode: YES
## qpDstat version: 980
inbreed set NO
packed geno read OK
end of inpack
number of quadruples 63
  0                  753    3
  1                  649   29
  2                  217   24
  3                  219   24
  4                  218   18
  5                  130   14
  6                  402    7
  7                  463   11
  8                  152    1
  9                  418    4
 10                  200    4
 11                  766    1
 12                  165    1
 13                  454    7
 14                  460   12
 15                  213   14
 16                  182   10
 17                  493    1
 18                  758    2
 19                  781    3
 20                  191   10
 21                  538    2
 22                    1    7
 23                  328    2
 24                  321    9
 25                  344    1
 26                  360    9
 27                  340    8
 28                  314    7
 29                  319    8
 30                  320    4
 31                  324    8
 32                   53   20
 33                   77    7
 34                  108   16
 35                  283   29
 36                  412    6
 37                  183    1
 38                 1003   18
 39                   93    1
 40                  103   15
 41                  474    8
 42                  421   25
 43                  404   20
 44                  475   18
 45                  154   10
 46                  141    5
 47                  216   16
 48                  771   10
 49                  453    1
 50                  419   22
 51                  166   50
 52                  435    8
 53                  214   15
 54                  429    8
 55                  188   12
 56                  212    2
 57                  462   13
 58                  167   21
 59                 1008   30
 60                   75   50
 61                   97   25
 62                  566    1
 63                  215   32
 64                  309    5
 65                 1007   23
 66                  472   20
 67                  541    4
 68                  372    6
 69                  544    5
 70                 1013   13
 71                  337    6
 72                 1010   50
jackknife block size:     0.050
snps: 19954  indivs: 912
number of blocks for block jackknife: 530
nrows, ncols: 912 19954
result:        753        649        217        328     -0.003458     -6.687    1330   1399  19953 
result:        753        649        217        321     -0.004000    -10.826    1339   1418  19953 
result:        753        649        217        344     -0.003800     -5.981    1318   1394  19835 
result:        753        649        219        360     -0.003572     -8.018    1359   1431  19953 
result:        753        649        219        340     -0.003175     -9.104    1345   1409  19953 
result:        753        649        219        314     -0.004062     -8.706    1336   1417  19953 
result:        753        649        218        319     -0.003371     -8.652    1339   1406  19953 
result:        753        649        218        320     -0.003896     -7.441    1336   1414  19953 
result:        753        649        218        324     -0.003763     -7.971    1328   1403  19953 
result:        753        649        130         53     -0.010408    -23.259    1400   1608  19953 
result:        753        649        130         77     -0.010458    -20.478    1400   1609  19939 
result:        753        649        130        108     -0.007040    -17.526    1406   1547  19953 
result:        753        649        402        283      0.004397     10.912    1480   1392  19953 
result:        753        649        402        412      0.006605     11.388    1519   1387  19953 
result:        753        649        402        418      0.001882      3.962    1405   1367  19953 
result:        753        649        463        183      0.001505      1.667    1478   1448  19816 
result:        753        649        463        460      0.002355      3.945    1497   1450  19953 
result:        753        649        463       1003      0.012085     18.150    1626   1384  19953 
result:        753        649        152         93     -0.005797     -5.703    1407   1523  19943 
result:        753        649        152        103     -0.006956     -8.805    1403   1542  19944 
result:        753        649        152        474     -0.008123     -9.919    1416   1578  19944 
result:        753        649        418        421      0.007732     14.490    1540   1386  19953 
result:        753        649        418        404      0.004691      9.067    1465   1371  19953 
result:        753        649        418        402     -0.001882     -3.962    1367   1405  19953 
result:        753        649        200        475     -0.001850     -3.926    1459   1496  19953 
result:        753        649        200        154      0.004616      9.401    1540   1448  19953 
result:        753        649        200        141     -0.001204     -2.094    1484   1508  19953 
result:        753        649        766        216      0.010761     12.571    1563   1349  19949 
result:        753        649        766        771      0.009412     10.679    1552   1364  19949 
result:        753        649        766        453     -0.023722    -21.142    1187   1659  19876 
result:        753        649        165        419      0.003580      4.540    1506   1434  19899 
result:        753        649        165        166     -0.003696     -5.146    1418   1491  19899 
result:        753        649        165        475     -0.004086     -5.432    1416   1497  19899 
result:        753        649        454        435      0.010797     19.653    1612   1396  19953 
result:        753        649        454        214      0.008304     18.433    1575   1409  19953 
result:        753        649        454        429      0.007998     15.267    1578   1419  19953 
result:        753        649        460        183     -0.000917     -1.203    1427   1445  19816 
result:        753        649        460        188     -0.001608     -4.224    1438   1471  19953 
result:        753        649        460        212     -0.000846     -1.552    1432   1449  19953 
result:        753        649        213        462     -0.007414    -15.673    1411   1559  19953 
result:        753        649        213        183     -0.006600     -8.139    1402   1533  19816 
result:        753        649        213        167     -0.007517    -17.558    1414   1564  19953 
result:        753        649        182       1008      0.008900     20.828    1575   1398  19953 
result:        753        649        182        435      0.009656     20.059    1571   1378  19953 
result:        753        649        182        166     -0.001802     -5.319    1447   1483  19953 
result:        753        649        493         75     -0.002227     -2.970    1369   1413  19774 
result:        753        649        493         97     -0.002317     -3.082    1354   1400  19774 
result:        753        649        493        566     -0.002300     -2.254    1358   1404  19726 
result:        753        649        758        453     -0.017141    -17.964    1206   1547  19880 
result:        753        649        758        771      0.016028     21.582    1632   1312  19953 
result:        753        649        758        766      0.006625      6.400    1500   1367  19949 
result:        753        649        781        771      0.013776     22.069    1604   1329  19953 
result:        753        649        781        215      0.010516     19.434    1557   1347  19953 
result:        753        649        781        309     -0.018633    -26.458    1210   1582  19953 
result:        753        649        191       1007      0.011233     22.229    1619   1395  19953 
result:        753        649        191        472      0.000133      0.342    1464   1462  19953 
result:        753        649        191        462      0.000429      1.336    1439   1430  19953 
result:        753        649        538        541      0.000088      0.154    1372   1370  19953 
result:        753        649        538        372     -0.000688     -1.172    1393   1407  19953 
result:        753        649        538        544      0.000139      0.240    1370   1368  19953 
result:        753        649          1       1013     -0.000626     -1.447    1399   1412  19953 
result:        753        649          1        337     -0.000610     -1.356    1402   1414  19953 
result:        753        649          1       1010      0.000510      1.442    1439   1429  19953 
##end of qpDstat:        6.607 seconds cpu        0.000 Mbytes in use
